[    0.000000] Initializing cgroup subsys cpuset
[    0.000000] Initializing cgroup subsys cpu
[    0.000000] Initializing cgroup subsys cpuacct
[    0.000000] Linux version 4.4.0-210-generic (buildd@lgw01-amd64-009) (gcc version 5.4.0 20160609 (Ubuntu 5.4.0-6ubuntu1~16.04.12) ) #242-Ubuntu SMP Fri Apr 16 09:57:56 UTC 2021 (Ubuntu 4.4.0-210.242-generic 4.4.262)
[    0.000000] Command line: BOOT_IMAGE=/boot/vmlinuz-4.4.0-210-generic root=LABEL=cloudimg-rootfs ro console=tty1 console=ttyS0
[    0.000000] KERNEL supported cpus:
[    0.000000]   Intel GenuineIntel
[    0.000000]   AMD AuthenticAMD
[    0.000000]   Centaur CentaurHauls
[    0.000000] x86/fpu: xstate_offset[2]:  576, xstate_sizes[2]:  256
[    0.000000] x86/fpu: Supporting XSAVE feature 0x01: 'x87 floating point registers'
[    0.000000] x86/fpu: Supporting XSAVE feature 0x02: 'SSE registers'
[    0.000000] x86/fpu: Supporting XSAVE feature 0x04: 'AVX registers'
[    0.000000] x86/fpu: Enabled xstate features 0x7, context size is 832 bytes, using 'standard' format.
[    0.000000] e820: BIOS-provided physical RAM map:
[    0.000000] BIOS-e820: [mem 0x0000000000000000-0x000000000009fbff] usable
[    0.000000] BIOS-e820: [mem 0x000000000009fc00-0x000000000009ffff] reserved
[    0.000000] BIOS-e820: [mem 0x00000000000f0000-0x00000000000fffff] reserved
[    0.000000] BIOS-e820: [mem 0x0000000000100000-0x000000007ffeffff] usable
[    0.000000] BIOS-e820: [mem 0x000000007fff0000-0x000000007fffffff] ACPI data
[    0.000000] BIOS-e820: [mem 0x00000000fec00000-0x00000000fec00fff] reserved
[    0.000000] BIOS-e820: [mem 0x00000000fee00000-0x00000000fee00fff] reserved
[    0.000000] BIOS-e820: [mem 0x00000000fffc0000-0x00000000ffffffff] reserved
[    0.000000] NX (Execute Disable) protection: active
[    0.000000] SMBIOS 2.5 present.
[    0.000000] Hypervisor detected: KVM
[    0.000000] Kernel/User page tables isolation: disabled
[    0.000000] e820: last_pfn = 0x7fff0 max_arch_pfn = 0x400000000
[    0.000000] x86/PAT: Configuration [0-7]: WB  WC  UC- UC  WB  WC  UC- WT  
[    0.000000] found SMP MP-table at [mem 0x0009fbf0-0x0009fbff] mapped at [ffff88000009fbf0]
[    0.000000] Scanning 1 areas for low memory corruption
[    0.000000] RAMDISK: [mem 0x362dc000-0x37165fff]
[    0.000000] ACPI: Early table checksum verification disabled
[    0.000000] ACPI: RSDP 0x00000000000E0000 000024 (v02 VBOX  )
[    0.000000] ACPI: XSDT 0x000000007FFF0030 00003C (v01 VBOX   VBOXXSDT 00000001 ASL  00000061)
[    0.000000] ACPI: FACP 0x000000007FFF00F0 0000F4 (v04 VBOX   VBOXFACP 00000001 ASL  00000061)
[    0.000000] ACPI: DSDT 0x000000007FFF0610 002353 (v02 VBOX   VBOXBIOS 00000002 INTL 20100528)
[    0.000000] ACPI: FACS 0x000000007FFF0200 000040
[    0.000000] ACPI: FACS 0x000000007FFF0200 000040
[    0.000000] ACPI: APIC 0x000000007FFF0240 00005C (v02 VBOX   VBOXAPIC 00000001 ASL  00000061)
[    0.000000] ACPI: SSDT 0x000000007FFF02A0 00036C (v01 VBOX   VBOXCPUT 00000002 INTL 20100528)
[    0.000000] No NUMA configuration found
[    0.000000] Faking a node at [mem 0x0000000000000000-0x000000007ffeffff]
[    0.000000] NODE_DATA(0) allocated [mem 0x7ffeb000-0x7ffeffff]
[    0.000000] kvm-clock: Using msrs 4b564d01 and 4b564d00
[    0.000000] kvm-clock: cpu 0, msr 0:7ffe3001, primary cpu clock
[    0.000000] kvm-clock: using sched offset of 3547150401 cycles
[    0.000000] clocksource: kvm-clock: mask: 0xffffffffffffffff max_cycles: 0x1cd42e4dffb, max_idle_ns: 881590591483 ns
[    0.000000] Zone ranges:
[    0.000000]   DMA      [mem 0x0000000000001000-0x0000000000ffffff]
[    0.000000]   DMA32    [mem 0x0000000001000000-0x000000007ffeffff]
[    0.000000]   Normal   empty
[    0.000000]   Device   empty
[    0.000000] Movable zone start for each node
[    0.000000] Early memory node ranges
[    0.000000]   node   0: [mem 0x0000000000001000-0x000000000009efff]
[    0.000000]   node   0: [mem 0x0000000000100000-0x000000007ffeffff]
[    0.000000] Initmem setup node 0 [mem 0x0000000000001000-0x000000007ffeffff]
[    0.000000] ACPI: PM-Timer IO Port: 0x4008
[    0.000000] IOAPIC[0]: apic_id 2, version 32, address 0xfec00000, GSI 0-23
[    0.000000] ACPI: INT_SRC_OVR (bus 0 bus_irq 0 global_irq 2 dfl dfl)
[    0.000000] ACPI: INT_SRC_OVR (bus 0 bus_irq 9 global_irq 9 low level)
[    0.000000] Using ACPI (MADT) for SMP configuration information
[    0.000000] smpboot: Allowing 2 CPUs, 0 hotplug CPUs
[    0.000000] PM: Registered nosave memory: [mem 0x00000000-0x00000fff]
[    0.000000] PM: Registered nosave memory: [mem 0x0009f000-0x0009ffff]
[    0.000000] PM: Registered nosave memory: [mem 0x000a0000-0x000effff]
[    0.000000] PM: Registered nosave memory: [mem 0x000f0000-0x000fffff]
[    0.000000] e820: [mem 0x80000000-0xfebfffff] available for PCI devices
[    0.000000] Booting paravirtualized kernel on KVM
[    0.000000] clocksource: refined-jiffies: mask: 0xffffffff max_cycles: 0xffffffff, max_idle_ns: 7645519600211568 ns
[    0.000000] setup_percpu: NR_CPUS:512 nr_cpumask_bits:512 nr_cpu_ids:2 nr_node_ids:1
[    0.000000] PERCPU: Embedded 33 pages/cpu @ffff88007fc00000 s95192 r8192 d31784 u1048576
[    0.000000] Built 1 zonelists in Node order, mobility grouping on.  Total pages: 515960
[    0.000000] Policy zone: DMA32
[    0.000000] Kernel command line: BOOT_IMAGE=/boot/vmlinuz-4.4.0-210-generic root=LABEL=cloudimg-rootfs ro console=tty1 console=ttyS0
[    0.000000] PID hash table entries: 4096 (order: 3, 32768 bytes)
[    0.000000] Memory: 2029984K/2096696K available (8644K kernel code, 1332K rwdata, 4044K rodata, 1492K init, 1164K bss, 66712K reserved, 0K cma-reserved)
[    0.000000] SLUB: HWalign=64, Order=0-3, MinObjects=0, CPUs=2, Nodes=1
[    0.000000] Hierarchical RCU implementation.
[    0.000000] 	Build-time adjustment of leaf fanout to 64.
[    0.000000] 	RCU restricting CPUs from NR_CPUS=512 to nr_cpu_ids=2.
[    0.000000] RCU: Adjusting geometry for rcu_fanout_leaf=64, nr_cpu_ids=2
[    0.000000] NR_IRQS:33024 nr_irqs:440 16
[    0.000000] Console: colour VGA+ 80x25
[    0.000000] console [tty1] enabled
[    0.000000] console [ttyS0] enabled
[    0.000000] tsc: Detected 2995.202 MHz processor
[    0.272025] Calibrating delay loop (skipped) preset value.. 5990.40 BogoMIPS (lpj=11980808)
[    0.274609] pid_max: default: 32768 minimum: 301
[    0.276214] ACPI: Core revision 20150930
[    0.279898] ACPI: 2 ACPI AML tables successfully acquired and loaded
[    0.281914] Security Framework initialized
[    0.283195] Yama: becoming mindful.
[    0.284222] AppArmor: AppArmor initialized
[    0.288941] Dentry cache hash table entries: 262144 (order: 9, 2097152 bytes)
[    0.291670] Inode-cache hash table entries: 131072 (order: 8, 1048576 bytes)
[    0.294057] Mount-cache hash table entries: 4096 (order: 3, 32768 bytes)
[    0.297337] Mountpoint-cache hash table entries: 4096 (order: 3, 32768 bytes)
[    0.301764] Initializing cgroup subsys io
[    0.303445] Initializing cgroup subsys memory
[    0.304977] Initializing cgroup subsys devices
[    0.306353] Initializing cgroup subsys freezer
[    0.307443] Initializing cgroup subsys net_cls
[    0.308878] Initializing cgroup subsys perf_event
[    0.310233] Initializing cgroup subsys net_prio
[    0.312288] Initializing cgroup subsys hugetlb
[    0.314032] Initializing cgroup subsys pids
[    0.321666] mce: CPU supports 0 MCE banks
[    0.323254] Last level iTLB entries: 4KB 0, 2MB 0, 4MB 0
[    0.324960] Last level dTLB entries: 4KB 0, 2MB 0, 4MB 0, 1GB 0
[    0.326815] Spectre V1 : Mitigation: usercopy/swapgs barriers and __user pointer sanitization
[    0.329333] Spectre V2 : Mitigation: Full generic retpoline
[    0.331216] Spectre V2 : Spectre v2 / SpectreRSB mitigation: Filling RSB on context switch
[    0.333946] Speculative Store Bypass: Vulnerable
[    0.341689] Freeing SMP alternatives memory: 36K
[    0.360300] ftrace: allocating 32380 entries in 127 pages
[    0.520816] smpboot: APIC(0) Converting physical 0 to logical package 0
[    0.523671] smpboot: Max logical packages: 1
[    0.526301] x2apic enabled
[    0.527904] Switched APIC routing to physical x2apic.
[    0.533794] ..TIMER: vector=0x30 apic1=0 pin1=2 apic2=-1 pin2=-1
[    0.644774] APIC calibration not consistent with PM-Timer: 97ms instead of 100ms
[    0.651234] APIC delta adjusted to PM-Timer: 6263544 (6137383)
[    0.655843] smpboot: CPU0: 11th Gen Intel(R) Core(TM) i3-1115G4 @ 3.00GHz (family: 0x6, model: 0x8c, stepping: 0x1)
[    0.660446] Performance Events: unsupported p6 CPU model 140 no PMU driver, software events only.
[    0.712862] KVM setup paravirtual spinlock
[    0.719030] x86: Booting SMP configuration:
[    0.723294] .... node  #0, CPUs:      #1
[    0.732558] kvm-clock: cpu 1, msr 0:7ffe3041, secondary cpu clock
[    0.738929] mce: CPU supports 0 MCE banks
[    0.749758] x86: Booted up 1 node, 2 CPUs
[    0.751372] smpboot: Total of 2 processors activated (11980.80 BogoMIPS)
[    0.756448] devtmpfs: initialized
[    0.758955] evm: security.selinux
[    0.759741] evm: security.SMACK64
[    0.760710] evm: security.SMACK64EXEC
[    0.761537] evm: security.SMACK64TRANSMUTE
[    0.763031] evm: security.SMACK64MMAP
[    0.763974] evm: security.ima
[    0.765333] evm: security.capability
[    0.766919] clocksource: jiffies: mask: 0xffffffff max_cycles: 0xffffffff, max_idle_ns: 7645041785100000 ns
[    0.769153] futex hash table entries: 512 (order: 3, 32768 bytes)
[    0.770820] pinctrl core: initialized pinctrl subsystem
[    0.772304] RTC time: 16:36:08, date: 11/08/24
[    0.775062] NET: Registered protocol family 16
[    0.789827] cpuidle: using governor ladder
[    0.801461] cpuidle: using governor menu
[    0.802612] PCCT header not found.
[    0.803610] ACPI: bus type PCI registered
[    0.804892] acpiphp: ACPI Hot Plug PCI Controller Driver version: 0.5
[    0.806457] PCI: Using configuration type 1 for base access
[    0.821616] ACPI: Added _OSI(Module Device)
[    0.822965] ACPI: Added _OSI(Processor Device)
[    0.824293] ACPI: Added _OSI(3.0 _SCP Extensions)
[    0.825684] ACPI: Added _OSI(Processor Aggregator Device)
[    0.831197] ACPI: Executed 1 blocks of module-level executable AML code
[    0.840514] ACPI: Interpreter enabled
[    0.841930] ACPI: (supports S0 S5)
[    0.842912] ACPI: Using IOAPIC for interrupt routing
[    0.844554] PCI: Using host bridge windows from ACPI; if necessary, use "pci=nocrs" and report a bug
[    0.853524] ACPI: PCI Root Bridge [PCI0] (domain 0000 [bus 00-ff])
[    0.855588] acpi PNP0A03:00: _OSC: OS supports [ASPM ClockPM Segments MSI]
[    0.857609] acpi PNP0A03:00: _OSC: not requesting OS control; OS requires [ExtendedConfig ASPM ClockPM MSI]
[    0.860065] acpi PNP0A03:00: fail to add MMCONFIG information, can't access extended PCI configuration space under this bridge.
[    0.862684] PCI host bridge to bus 0000:00
[    0.863824] pci_bus 0000:00: root bus resource [io  0x0000-0x0cf7 window]
[    0.868012] pci_bus 0000:00: root bus resource [io  0x0d00-0xffff window]
[    0.870760] pci_bus 0000:00: root bus resource [mem 0x000a0000-0x000bffff window]
[    0.873213] pci_bus 0000:00: root bus resource [mem 0x80000000-0xfdffffff window]
[    0.876294] pci_bus 0000:00: root bus resource [bus 00-ff]
[    0.881751] pci 0000:00:01.1: legacy IDE quirk: reg 0x10: [io  0x01f0-0x01f7]
[    0.884428] pci 0000:00:01.1: legacy IDE quirk: reg 0x14: [io  0x03f6]
[    0.886488] pci 0000:00:01.1: legacy IDE quirk: reg 0x18: [io  0x0170-0x0177]
[    0.888494] pci 0000:00:01.1: legacy IDE quirk: reg 0x1c: [io  0x0376]
[    0.956176] pci 0000:00:07.0: quirk: [io  0x4000-0x403f] claimed by PIIX4 ACPI
[    0.985784] pci 0000:00:07.0: quirk: [io  0x4100-0x410f] claimed by PIIX4 SMB
[    1.028749] ACPI: PCI Interrupt Link [LNKA] (IRQs 5 9 10 *11)
[    1.034348] ACPI: PCI Interrupt Link [LNKB] (IRQs 5 9 *10 11)
[    1.038676] ACPI: PCI Interrupt Link [LNKC] (IRQs 5 *9 10 11)
[    1.041318] ACPI: PCI Interrupt Link [LNKD] (IRQs 5 9 10 *11)
[    1.044121] ACPI: Enabled 2 GPEs in block 00 to 07
[    1.046430] vgaarb: setting as boot device: PCI:0000:00:02.0
[    1.050902] vgaarb: device added: PCI:0000:00:02.0,decodes=io+mem,owns=io+mem,locks=none
[    1.052808] vgaarb: loaded
[    1.053582] vgaarb: bridge control possible 0000:00:02.0
[    1.055548] SCSI subsystem initialized
[    1.057735] ACPI: bus type USB registered
[    1.060417] usbcore: registered new interface driver usbfs
[    1.061684] usbcore: registered new interface driver hub
[    1.062837] usbcore: registered new device driver usb
[    1.072141] PCI: Using ACPI for IRQ routing
[    1.079156] NetLabel: Initializing
[    1.080745] NetLabel:  domain hash size = 128
[    1.082662] NetLabel:  protocols = UNLABELED CIPSOv4
[    1.085352] NetLabel:  unlabeled traffic allowed by default
[    1.089803] amd_nb: Cannot enumerate AMD northbridges
[    1.092074] clocksource: Switched to clocksource kvm-clock
[    1.109098] AppArmor: AppArmor Filesystem Enabled
[    1.110533] pnp: PnP ACPI init
[    1.114216] pnp: PnP ACPI: found 3 devices
[    1.130929] clocksource: acpi_pm: mask: 0xffffff max_cycles: 0xffffff, max_idle_ns: 2085701024 ns
[    1.133818] NET: Registered protocol family 2
[    1.135405] TCP established hash table entries: 16384 (order: 5, 131072 bytes)
[    1.138793] TCP bind hash table entries: 16384 (order: 6, 262144 bytes)
[    1.141020] TCP: Hash tables configured (established 16384 bind 16384)
[    1.142725] UDP hash table entries: 1024 (order: 3, 32768 bytes)
[    1.144658] UDP-Lite hash table entries: 1024 (order: 3, 32768 bytes)
[    1.146686] NET: Registered protocol family 1
[    1.148775] pci 0000:00:00.0: Limiting direct PCI/PCI transfers
[    1.150933] pci 0000:00:01.0: Activating ISA DMA hang workarounds
[    1.153441] Unpacking initramfs...
[    1.597809] Freeing initrd memory: 14888K
[    1.599546] clocksource: tsc: mask: 0xffffffffffffffff max_cycles: 0x2b2c909a7c7, max_idle_ns: 440795208498 ns
[    1.602222] platform rtc_cmos: registered platform RTC device (no PNP device found)
[    1.604333] Scanning for low memory corruption every 60 seconds
[    1.606414] audit: initializing netlink subsys (disabled)
[    1.607637] audit: type=2000 audit(1731083773.456:1): initialized
[    1.609647] Initialise system trusted keyring
[    1.611042] HugeTLB registered 2 MB page size, pre-allocated 0 pages
[    1.614171] zbud: loaded
[    1.616015] VFS: Disk quotas dquot_6.6.0
[    1.617291] VFS: Dquot-cache hash table entries: 512 (order 0, 4096 bytes)
[    1.619207] squashfs: version 4.0 (2009/01/31) Phillip Lougher
[    1.620982] fuse init (API version 7.23)
[    1.622188] Key type big_key registered
[    1.623471] Allocating IMA MOK and blacklist keyrings.
[    1.626262] Key type asymmetric registered
[    1.627115] Asymmetric key parser 'x509' registered
[    1.628319] Block layer SCSI generic (bsg) driver version 0.4 loaded (major 249)
[    1.630573] io scheduler noop registered
[    1.632200] io scheduler deadline registered (default)
[    1.633802] io scheduler cfq registered
[    1.635039] pci_hotplug: PCI Hot Plug PCI Core version: 0.5
[    1.636493] pciehp: PCI Express Hot Plug Controller Driver version: 0.4
[    1.639539] ACPI: AC Adapter [AC] (off-line)
[    1.641068] input: Power Button as /devices/LNXSYSTM:00/LNXPWRBN:00/input/input0
[    1.644019] ACPI: Power Button [PWRF]
[    1.645265] input: Sleep Button as /devices/LNXSYSTM:00/LNXSLPBN:00/input/input1
[    1.647268] ACPI: Sleep Button [SLPF]
[    1.648737] GHES: HEST is not enabled!
[    1.650088] ACPI: Battery Slot [BAT0] (battery present)
[    1.651979] Serial: 8250/16550 driver, 32 ports, IRQ sharing enabled
[    1.675186] 00:02: ttyS0 at I/O 0x3f8 (irq = 4, base_baud = 115200) is a 16550A
[    1.680543] Linux agpgart interface v0.103
[    1.684116] loop: module loaded
[    1.686040] scsi host0: ata_piix
[    1.687174] scsi host1: ata_piix
[    1.688159] ata1: PATA max UDMA/33 cmd 0x1f0 ctl 0x3f6 bmdma 0xd000 irq 14
[    1.689536] ata2: PATA max UDMA/33 cmd 0x170 ctl 0x376 bmdma 0xd008 irq 15
[    1.691041] libphy: Fixed MDIO Bus: probed
[    1.692121] tun: Universal TUN/TAP device driver, 1.6
[    1.693443] tun: (C) 1999-2004 Max Krasnyansky <maxk@qualcomm.com>
[    1.695131] PPP generic driver version 2.4.2
[    1.696329] ehci_hcd: USB 2.0 'Enhanced' Host Controller (EHCI) Driver
[    1.697685] ehci-pci: EHCI PCI platform driver
[    1.698998] ehci-platform: EHCI generic platform driver
[    1.700380] ohci_hcd: USB 1.1 'Open' Host Controller (OHCI) Driver
[    1.702040] ohci-pci: OHCI PCI platform driver
[    1.703396] ohci-platform: OHCI generic platform driver
[    1.707010] uhci_hcd: USB Universal Host Controller Interface driver
[    1.712383] i8042: PNP: PS/2 Controller [PNP0303:PS2K,PNP0f03:PS2M] at 0x60,0x64 irq 1,12
[    1.715970] serio: i8042 KBD port at 0x60,0x64 irq 1
[    1.717890] serio: i8042 AUX port at 0x60,0x64 irq 12
[    1.719684] mousedev: PS/2 mouse device common for all mice
[    1.721831] input: AT Translated Set 2 keyboard as /devices/platform/i8042/serio0/input/input2
[    1.724497] rtc_cmos rtc_cmos: rtc core: registered rtc_cmos as rtc0
[    1.726200] rtc_cmos rtc_cmos: alarms up to one day, 114 bytes nvram
[    1.727636] i2c /dev entries driver
[    1.728799] device-mapper: uevent: version 1.0.3
[    1.730065] device-mapper: ioctl: 4.34.0-ioctl (2015-10-28) initialised: dm-devel@redhat.com
[    1.732715] ledtrig-cpu: registered to indicate activity on CPUs
[    1.735696] NET: Registered protocol family 10
[    1.737481] NET: Registered protocol family 17
[    1.738510] Key type dns_resolver registered
[    1.740406] registered taskstats version 1
[    1.741421] Loading compiled-in X.509 certificates
[    1.743677] Loaded X.509 cert 'Build time autogenerated kernel key: cf00e047681d67edb2720680708b7d9498083038'
[    1.746002] zswap: loaded using pool lzo/zbud
[    1.749089] Key type trusted registered
[    1.755260] Key type encrypted registered
[    1.756378] AppArmor: AppArmor sha1 policy hashing enabled
[    1.757636] ima: No TPM chip found, activating TPM-bypass!
[    1.758784] ima: Allocated hash algorithm: sha1
[    1.759840] evm: HMAC attrs: 0x1
[    1.761133]   Magic number: 0:909:640
[    1.762406] rtc_cmos rtc_cmos: setting system clock to 2024-11-08 16:36:09 UTC (1731083769)
[    1.764496] BIOS EDD facility v0.16 2004-Jun-25, 0 devices found
[    1.765852] EDD information not available.
[    1.890745] Freeing unused kernel memory: 1492K
[    1.891783] Write protecting the kernel read-only data: 14336k
[    1.893589] Freeing unused kernel memory: 1584K
[    1.894792] Freeing unused kernel memory: 52K
Loading, please wait...
starting version 229
[    1.913849] random: systemd-udevd: uninitialized urandom read (16 bytes read, 5 bits of entropy available)
[    1.915736] random: udevadm: uninitialized urandom read (16 bytes read, 5 bits of entropy available)
[    1.915802] random: udevadm: uninitialized urandom read (16 bytes read, 5 bits of entropy available)
[    1.926252] random: systemd-udevd: uninitialized urandom read (16 bytes read, 5 bits of entropy available)
[    1.929894] random: systemd-udevd: uninitialized urandom read (16 bytes read, 5 bits of entropy available)
[    1.930453] random: udevadm: uninitialized urandom read (16 bytes read, 5 bits of entropy available)
[    1.930516] random: udevadm: uninitialized urandom read (16 bytes read, 5 bits of entropy available)
[    1.930695] random: udevadm: uninitialized urandom read (16 bytes read, 5 bits of entropy available)
[    1.930754] random: udevadm: uninitialized urandom read (16 bytes read, 5 bits of entropy available)
[    1.930815] random: udevadm: uninitialized urandom read (16 bytes read, 5 bits of entropy available)
[    2.042713] e1000: Intel(R) PRO/1000 Network Driver - version 7.3.21-k8-NAPI
[    2.046848] e1000: Copyright (c) 1999-2006 Intel Corporation.
[    2.059383] Fusion MPT base driver 3.04.20
[    2.061184] Copyright (c) 1999-2008 LSI Corporation
[    2.077027] Fusion MPT SPI Host driver 3.04.20
[    2.162182] AVX2 version of gcm_enc/dec engaged.
[    2.165024] AES CTR mode by8 optimization enabled
[    2.296876] input: ImExPS/2 Generic Explorer Mouse as /devices/platform/i8042/serio1/input/input4
[    2.623851] e1000 0000:00:03.0 eth0: (PCI:33MHz:32-bit) 02:be:82:6b:cc:1d
[    2.625606] e1000 0000:00:03.0 eth0: Intel(R) PRO/1000 Network Connection
[    2.629107] e1000 0000:00:03.0 enp0s3: renamed from eth0
[    2.630771] mptbase: ioc0: Initiating bringup
[    2.705284] ioc0: LSI53C1030 A0: Capabilities={Initiator}
[    2.866589] scsi host2: ioc0: LSI53C1030 A0, FwRev=00000000h, Ports=1, MaxQ=256, IRQ=20
[    2.980947] scsi 2:0:0:0: Direct-Access     VBOX     HARDDISK         1.0  PQ: 0 ANSI: 5
[    2.984323] scsi target2:0:0: Beginning Domain Validation
[    2.987915] scsi target2:0:0: Domain Validation skipping write tests
[    2.990253] scsi target2:0:0: Ending Domain Validation
[    2.992026] scsi target2:0:0: asynchronous
[    2.995088] scsi 2:0:1:0: Direct-Access     VBOX     HARDDISK         1.0  PQ: 0 ANSI: 5
[    3.000566] scsi target2:0:1: Beginning Domain Validation
[    3.003057] scsi target2:0:1: Domain Validation skipping write tests
[    3.004909] scsi target2:0:1: Ending Domain Validation
[    3.006901] scsi target2:0:1: asynchronous
[    3.030970] sd 2:0:0:0: Attached scsi generic sg0 type 0
[    3.033489] sd 2:0:1:0: [sdb] 20480 512-byte logical blocks: (10.5 MB/10.0 MiB)
[    3.033841] sd 2:0:0:0: [sda] 83886080 512-byte logical blocks: (42.9 GB/40.0 GiB)
[    3.034024] sd 2:0:1:0: Attached scsi generic sg1 type 0
[    3.034057] sd 2:0:0:0: [sda] Write Protect is off
[    3.034253] sd 2:0:0:0: [sda] Incomplete mode parameter data
[    3.034255] sd 2:0:0:0: [sda] Assuming drive cache: write through
[    3.037473]  sda: sda1
[    3.038155] sd 2:0:0:0: [sda] Attached SCSI disk
[    3.044460] sd 2:0:1:0: [sdb] Write Protect is off
[    3.046124] sd 2:0:1:0: [sdb] Incomplete mode parameter data
[    3.047286] sd 2:0:1:0: [sdb] Assuming drive cache: write through
[    3.054307] sd 2:0:1:0: [sdb] Attached SCSI disk
Begin: Loading essential drivers ... [    4.752275] md: linear personality registered for level -1
[    4.756590] md: multipath personality registered for level -4
[    4.762989] md: raid0 personality registered for level 0
[    4.768822] md: raid1 personality registered for level 1
[    4.852122] raid6: sse2x1   gen()  5098 MB/s
[    4.924908] raid6: sse2x1   xor()  4116 MB/s
[    4.992176] raid6: sse2x2   gen()  6763 MB/s
[    5.061643] raid6: sse2x2   xor()  3497 MB/s
[    5.139930] raid6: sse2x4   gen()  8266 MB/s
[    5.208115] raid6: sse2x4   xor()  3358 MB/s
[    5.276179] raid6: avx2x1   gen()  6086 MB/s
[    5.344122] raid6: avx2x2   gen()  8849 MB/s
[    5.423925] raid6: avx2x4   gen() 10662 MB/s
[    5.426270] raid6: using algorithm avx2x4 gen() 10662 MB/s
[    5.428932] raid6: using avx2x2 recovery algorithm
[    5.435528] xor: automatically using best checksumming function:
[    5.477130]    avx       :  7540.000 MB/sec
[    5.483173] async_tx: api initialized (async)
[    5.511982] md: raid6 personality registered for level 6
[    5.515833] md: raid5 personality registered for level 5
[    5.518917] md: raid4 personality registered for level 4
[    5.539097] md: raid10 personality registered for level 10
done.
Begin: Running /scripts/init-premount ... done.
Begin: Mounting root file system ... Begin: Running /scripts/local-top ... done.
Begin: Running /scripts/local-premount ... [    5.611890] Btrfs loaded
Scanning for Btrfs filesystems
done.
Warning: fsck not present, so skipping root file system
[    5.667953] EXT4-fs (sda1): mounted filesystem with ordered data mode. Opts: (null)
done.
Begin: Running /scripts/local-bottom ... done.
Begin: Running /scripts/init-bottom ... done.
[    5.790485] systemd[1]: systemd 229 running in system mode. (+PAM +AUDIT +SELINUX +IMA +APPARMOR +SMACK +SYSVINIT +UTMP +LIBCRYPTSETUP +GCRYPT +GNUTLS +ACL +XZ -LZ4 +SECCOMP +BLKID +ELFUTILS +KMOD -IDN)
[    5.795634] systemd[1]: Detected virtualization oracle.
[    5.797113] systemd[1]: Detected architecture x86-64.

Welcome to [1mUbuntu 16.04.7 LTS[0m!

[    5.801392] systemd[1]: Set hostname to <ubuntu>.
[    5.804347] systemd[1]: Initializing machine ID from random generator.
[    5.806575] systemd[1]: Installed transient /etc/machine-id file.
[    5.967552] systemd[1]: Reached target User and Group Name Lookups.
[[0;32m  OK  [0m] Reached target User and Group Name Lookups.
[    5.975199] systemd[1]: Listening on Device-mapper event daemon FIFOs.
[[0;32m  OK  [0m] Listening on Device-mapper event daemon FIFOs.
[    5.981489] systemd[1]: Reached target Swap.
[[0;32m  OK  [0m] Reached target Swap.
[    5.986004] systemd[1]: Listening on LVM2 poll daemon socket.
[[0;32m  OK  [0m] Listening on LVM2 poll daemon socket.
[    5.992623] systemd[1]: Listening on Journal Socket.
[[0;32m  OK  [0m] Listening on Journal Socket.
[    5.998094] systemd[1]: Listening on udev Control Socket.
[[0;32m  OK  [0m] Listening on udev Control Socket.
[    6.003678] systemd[1]: Listening on LVM2 metadata daemon socket.
[[0;32m  OK  [0m] Listening on LVM2 metadata daemon socket.
[    6.007295] systemd[1]: Created slice User and Session Slice.
[[0;32m  OK  [0m] Created slice User and Session Slice.
[    6.010263] systemd[1]: Listening on udev Kernel Socket.
[[0;32m  OK  [0m] Listening on udev Kernel Socket.
[    6.013529] systemd[1]: Listening on fsck to fsckd communication Socket.
[[0;32m  OK  [0m] Listening on fsck to fsckd communication Socket.
[    6.017198] systemd[1]: Listening on Syslog Socket.
[[0;32m  OK  [0m] Listening on Syslog Socket.
[    6.020484] systemd[1]: Started Forward Password Requests to Wall Directory Watch.
[[0;32m  OK  [0m] Started Forward Password Requests to Wall Directory Watch.
[    6.025022] systemd[1]: Listening on Journal Socket (/dev/log).
[[0;32m  OK  [0m] Listening on Journal Socket (/dev/log).
[    6.028400] systemd[1]: Reached target Encrypted Volumes.
[[0;32m  OK  [0m] Reached target Encrypted Volumes.
[    6.031312] systemd[1]: Started Trigger resolvconf update for networkd DNS.
[[0;32m  OK  [0m] Started Trigger resolvconf update for networkd DNS.
[    6.035050] systemd[1]: Listening on /dev/initctl Compatibility Named Pipe.
[[0;32m  OK  [0m] Listening on /dev/initctl Compatibility Named Pipe.
[    6.039588] systemd[1]: Created slice System Slice.
[[0;32m  OK  [0m] Created slice System Slice.
[    6.056536] systemd[1]: Starting Monitoring of LVM2 mirrors, snapshots etc. using dmeventd or progress polling...
         Starting Monitoring of LVM2 mirrors... dmeventd or progress polling...
[    6.068424] systemd[1]: Mounting Huge Pages File System...
         Mounting Huge Pages File System...
[    6.075310] systemd[1]: Starting Create list of required static device nodes for the current kernel...
         Starting Create list of required st... nodes for the current kernel...
[    6.092480] systemd[1]: Starting Load Kernel Modules...
         Starting Load Kernel Modules...
[    6.097437] systemd[1]: Starting File System Check on Root Device...
         Starting File System Check on Root Device...
[    6.106335] systemd[1]: Mounting Debug File System...
         Mounting Debug File System...
[    6.115381] systemd[1]: Starting Uncomplicated firewall...
         Starting Uncomplicated firewall...
[    6.118744] systemd[1]: Created slice system-serial\x2dgetty.slice.
[    6.122559] Loading iSCSI transport class v2.0-870.
[[0;32m  OK  [0m] Created slice system-serial\x2dgetty.slice.
[    6.126492] systemd[1]: Reached target System Time Synchronized.
[[0;32m  OK  [0m] Reached target System Time Synchronized.
[    6.133116] systemd[1]: Reached target Slices.
[[0;32m  OK  [0m] Reached target Slices.
[    6.136215] systemd[1]: Mounting POSIX Message Queue File System...
         Mounting POSIX Message Queue File System...
[    6.139480] systemd[1]: Listening on Journal Audit Socket.
[    6.139532] iscsi: registered transport (tcp)
[[0;32m  OK  [0m] Listening on Journal Audit Socket.
[    6.144525] systemd[1]: Starting Journal Service...
         Starting Journal Service...
[    6.147100] systemd[1]: Set up automount Arbitrary Executable File Formats File System Automount Point.
[[0;32m  OK  [0m] Set up automount Arbitrary Executab...ats File System Automount Point.
[    6.159340] systemd[1]: Starting Set console keymap...
         Starting Set console keymap...
[    6.166780] systemd[1]: Starting Nameserver information manager...
         Starting Nameserver information manager...
[    6.176870] systemd[1]: Mounted Huge Pages File System.
[[0;32m  OK  [0m] Mounted Huge Pages File System.
[    6.181875] systemd[1]: Mounted POSIX Message Queue File System.
[[0;32m  OK  [0m] Mounted POSIX Message Queue File System.
[    6.189812] systemd[1]: Mounted Debug File System.
[[0;32m  OK  [0m] Mounted Debug File System.
[    6.194777] systemd[1]: Started Create list of required static device nodes for the current kernel.
[[0;32m  OK  [0m] Started Create list of required sta...ce nodes for the current kernel.
[    6.214164] systemd[1]: Started File System Check on Root Device.
[[0;32m  OK  [0m] Started File System Check on Root Device.
[    6.219434] systemd[1]: Started Uncomplicated firewall.
[[0;32m  OK  [0m] Started Uncomplicated firewall.
[    6.240997] systemd[1]: Started Journal Service.
[[0;32m  OK  [0m] Started Journal Service.
[[0;32m  OK  [0m] Started Set console keymap.
[[0;32m  OK  [0m] Started Nameserver information manager.
[    6.257713] iscsi: registered transport (iser)
[[0;32m  OK  [0m] Started Load Kernel Modules.
[    6.267002] random: nonblocking pool is initialized
[[0;32m  OK  [0m] Started File System Check Daemon to report status.
[[0;32m  OK  [0m] Started LVM2 metadata daemon.
         Starting Apply Kernel Variables...
         Mounting FUSE Control File System...
         Starting Remount Root and Kernel File Systems...
         Starting Create Static Device Nodes in /dev...
[[0;32m  OK  [0m] Mounted FUSE Control File System.
[[0;32m  OK  [0m] Started Apply Kernel Variables.
[[0;32m  OK  [0m] Started Remount Root and Kernel File Systems.
         Starting udev Coldplug all Devices...
         Starting Load/Save Random Seed...
         Starting Flush Journal to Persistent Storage...
[[0;32m  OK  [0m] Started Create Static Device Nodes in /dev.
[[0;32m  OK  [0m] Started Load/Save Random Seed.
         Starting udev Kernel Device Manager...
[[0;32m  OK  [0m] Started Flush Journal to Persistent Storage.
[[0;32m  OK  [0m] Started udev Coldplug all Devices.
[[0;32m  OK  [0m] Started udev Kernel Device Manager.
[[0;32m  OK  [0m] Started Dispatch Password Requests to Console Directory Watch.
[[0;32m  OK  [0m] Found device /dev/ttyS0.
[[0;32m  OK  [0m] Started Monitoring of LVM2 mirrors,...ng dmeventd or progress polling.
[[0;32m  OK  [0m] Reached target Local File Systems (Pre).
[[0;32m  OK  [0m] Reached target Local File Systems.
         Starting LSB: AppArmor initialization...
         Starting Create Volatile Files and Directories...
         Starting Initial cloud-init job (pre-networking)...
         Starting Commit a transient machine-id on disk...
         Starting Set console font and keymap...
         Starting Tell Plymouth To Write Out Runtime Data...
[[0;32m  OK  [0m] Listening on Load/Save RF Kill Switch Status /dev/rfkill Watch.
[[0;32m  OK  [0m] Started Tell Plymouth To Write Out Runtime Data.
[[0;32m  OK  [0m] Started Create Volatile Files and Directories.
[[0;32m  OK  [0m] Started Commit a transient machine-id on disk.
         Starting Update UTMP about System Boot/Shutdown...
[[0;32m  OK  [0m] Started Update UTMP about System Boot/Shutdown.
[[0;32m  OK  [0m] Started LSB: AppArmor initialization.
[    9.018870] cloud-init[527]: Cloud-init v. 21.1-19-gbad84ad4-0ubuntu1~16.04.2 running 'init-local' at Fri, 08 Nov 2024 16:36:16 +0000. Up 8.10 seconds.
         Starting Load AppArmor profiles managed internally by snapd...
[[0;32m  OK  [0m] Started Load AppArmor profiles managed internally by snapd.
[[0;32m  OK  [0m] Started Initial cloud-init job (pre-networking).
[[0;32m  OK  [0m] Reached target Network (Pre).
         Starting Raise network interfaces...
[[0;32m  OK  [0m] Started Set console font and keymap.
[[0;32m  OK  [0m] Created slice system-getty.slice.
[[0;32m  OK  [0m] Started Raise network interfaces.
[[0;32m  OK  [0m] Reached target Network.
         Starting Initial cloud-init job (metadata service crawler)...
[   11.321966] cloud-init[954]: Cloud-init v. 21.1-19-gbad84ad4-0ubuntu1~16.04.2 running 'init' at Fri, 08 Nov 2024 16:36:18 +0000. Up 10.28 seconds.
[   11.324561] cloud-init[954]: ci-info: ++++++++++++++++++++++++++++++++++++++Net device info++++++++++++++++++++++++++++++++++++++
[   11.327026] cloud-init[954]: ci-info: +--------+------+----------------------------+---------------+--------+-------------------+
[   11.338154] cloud-init[954]: ci-info: | Device |  Up  |          Address           |      Mask     | Scope  |     Hw-Address    |
[   11.339967] cloud-init[954]: ci-info: +--------+------+----------------------------+---------------+--------+-------------------+
[   11.342450] cloud-init[954]: ci-info: | enp0s3 | True |         10.0.2.15          | 255.255.255.0 | global | 02:be:82:6b:cc:1d |
[   11.348958] cloud-init[954]: ci-info: | enp0s3 | True | fe80::be:82ff:fe6b:cc1d/64 |       .       |  link  | 02:be:82:6b:cc:1d |
[   11.350793] cloud-init[954]: ci-info: |   lo   | True |         127.0.0.1          |   255.0.0.0   |  host  |         .         |
[   11.352618] cloud-init[954]: ci-info: |   lo   | True |          ::1/128           |       .       |  host  |         .         |
[   11.354730] cloud-init[954]: ci-info: +--------+------+----------------------------+---------------+--------+-------------------+
[   11.356591] cloud-init[954]: ci-info: +++++++++++++++++++++++++++Route IPv4 info++++++++++++++++++++++++++++
[   11.357909] cloud-init[954]: ci-info: +-------+-------------+----------+---------------+-----------+-------+
[   11.359181] cloud-init[954]: ci-info: | Route | Destination | Gateway  |    Genmask    | Interface | Flags |
[   11.360729] cloud-init[954]: ci-info: +-------+-------------+----------+---------------+-----------+-------+
[   11.361971] cloud-init[954]: ci-info: |   0   |   0.0.0.0   | 10.0.2.2 |    0.0.0.0    |   enp0s3  |   UG  |
[   11.363533] cloud-init[954]: ci-info: |   1   |   10.0.2.0  | 0.0.0.0  | 255.255.255.0 |   enp0s3  |   U   |
[   11.365038] cloud-init[954]: ci-info: +-------+-------------+----------+---------------+-----------+-------+
[   11.373126] cloud-init[954]: ci-info: +++++++++++++++++++Route IPv6 info+++++++++++++++++++
[   11.374749] cloud-init[954]: ci-info: +-------+-------------+---------+-----------+-------+
[   11.376224] cloud-init[954]: ci-info: | Route | Destination | Gateway | Interface | Flags |
[   11.377915] cloud-init[954]: ci-info: +-------+-------------+---------+-----------+-------+
[   11.380622] cloud-init[954]: ci-info: |   0   |  fe80::/64  |    ::   |   enp0s3  |   U   |
[   11.382250] cloud-init[954]: ci-info: |   3   |   ff00::/8  |    ::   |   enp0s3  |   U   |
[   11.383922] cloud-init[954]: ci-info: +-------+-------------+---------+-----------+-------+
[   11.385424] cloud-init[954]: Generating public/private rsa key pair.
[   11.386497] cloud-init[954]: Your identification has been saved in /etc/ssh/ssh_host_rsa_key.
[   11.387895] cloud-init[954]: Your public key has been saved in /etc/ssh/ssh_host_rsa_key.pub.
[   11.389684] cloud-init[954]: The key fingerprint is:
[   11.390860] cloud-init[954]: SHA256:WLkRv6bZzerpHp56yd9oTU5g6W7vBeumYtNaWwAsEzk root@ubuntu-xenial
[   11.392107] cloud-init[954]: The key's randomart image is:
[   11.393017] cloud-init[954]: +---[RSA 2048]----+
[   11.393829] cloud-init[954]: |        o.       |
[   11.394999] cloud-init[954]: |        E*       |
[   11.396365] cloud-init[954]: |        *.+  .   |
[   11.398407] cloud-init[954]: |       o = o+    |
[   11.400365] cloud-init[954]: |      . S oo...  |
[   11.401604] cloud-init[954]: |         = o..oo |
[   11.403546] cloud-init[954]: |        o.o++=o .|
[   11.404425] cloud-init[954]: |         .B*=*+. |
[   11.412821] cloud-init[954]: |        .BXB===  |
[   11.414688] cloud-init[[954]: [0;32m  OK  [0m+----[SHA256]-----+] 
Started Initial cloud-init job (metadata service crawler).
[   11.415873] cloud-init[954]: Generating public/private dsa key pair.
[   11.417570] [cloud-init[0;32m  OK  [0m[954]: ] Your identification has been saved in /etc/ssh/ssh_host_dsa_key.Reached target System Initialization.

[   11.418925] cloud-init[954]: Your public key has been saved in /etc/ssh/ssh_host_dsa_key.pub.
[   11.420326] [cloud-init[0;32m  OK  [0m[954]: ] The key fingerprint is:Started Ubuntu Advantage update messaging.

[   11.421164] [cloud-init[0;32m  OK  [0m[954]: ] SHA256:rn9svx1LxYI/fe4CR9uqnp8iP6NDwOVgVFlLUnRK3wU root@ubuntu-xenialStarted Message of the Day.

[[0;32m  OK  [0m] Listening on ACPID Listen Socket.
[   11.422608] [cloud-init[954]: The key's randomart image is:
[0;32m  OK  [0m] Started Daily apt download activities.
[   11.423869] cloud-init[954]: +---[DSA 1024]----+
[   11.425906] [cloud-init[0;32m  OK  [0m[954]: ] |       ...o=* E..|Started ACPI Events Check.

[   11.426794] [cloud-init[0;32m  OK  [0m[954]: ] |        o o+ = ..|Reached target Paths.

[   11.433794] [cloud-init[0;32m  OK  [0m[954]: ] |       o +  o . .|Started Daily apt upgrade and clean activities.

[   11.435284] [cloud-init[0;32m  OK  [0m[954]: ] |        o .  ... |Listening on D-Bus System Message Bus Socket.

[[0;32m  OK  [0m] Listening on UUID daemon activation socket.
[   11.436837] cloud-init[954]: |        S.  ...oo|
[   11.439090]          Starting LXD - unix socket.
         Starting Socket activation for snappy daemon.
[[0;32m  OK  [0m] Started Daily Cleanup of Temporary Directories.
[[0;32m  OK  [0m] Reached target Timers.
[[0;32m  OK  [0m] Reached target Network is Online.
cloud-init[954]: |       .  . ..o+.|
[   11.445400] cloud-init[954]: |        .o   o=.o|
[   11.446496] cloud-init[954]: |       .  * ++o*.|
[   11.447485] cloud-init[954]: |      ...o.BBB=oo|
[   11.448748] cloud-init[954]: +----[SHA256]-----+
[   11.450450] cloud-init[954]: Generating public/private ecdsa key pair.
[   11.451612] cloud-init[954]:          Starting iSCSI initiator daemon (iscsid)...
[[0;32m  OK  [0m] Reached target Cloud-config availability.
[[0;32m  OK  [0m] Listening on LXD - unix socket.
[[0;32m  OK  [0m] Listening on Socket activation for snappy daemon.
[[0;32m  OK  [0m] Reached target Sockets.
[[0;32m  OK  [0m] Reached target Basic System.
         Starting Accounts Service...
Your identification has been saved in /etc/ssh/ssh_host_ecdsa_key.[[0;32m  OK  [0m] Started Deferred execution scheduler.
         Starting /etc/rc.local Compatibility...
         Starting Login Service...

[[0;32m  OK  [0m] Started ACPI event daemon.
[   11.475738] cloud-init[954]: Your public key has been saved in /etc/ssh/ssh_host_ecdsa_key.pub.
[[0;32m  OK  [0m] Started FUSE filesystem for LXC.
[[0;32m  OK  [0m] Started D-Bus System Message Bus.
[   11.478612] cloud-init[954]: The key fingerprint is:
[   11.489349] cloud-init[954]: SHA256:FLO3Gp9t+xW998qPg6lItr7U/pw3x3VWkowldepm5i8 root@ubuntu-xenial
[   11.497569] cloud-init[954]: The key's randomart image is:
[   11.504905] cloud-init[954]: +---[ECDSA 256]---+
[   11.506767] cloud-init[954]: |        o    .. .|
[   11.509874] cloud-init[954]: |         +  . .o |
[   11.513247] cloud-init[954]: |        o .  =.. |
[   11.514665] cloud-init[954]: |       . . ...+ o|
[   11.516859] cloud-init[954]: |        S .   =oo|
[   11.518431] cloud-init[954]: |         = o =  *|
[   11.520441] cloud-init[954]: |        = + oo.+=|
[   11.522024] cloud-init[954]: |       + + oo+E+=|
[   11.523268] cloud-init[954]: |       .=.oo=o=B+|
[   11.524520] cloud-init[954]: +----[SHA256]-----+
[   11.526697] cloud-init[954]: Generating public/private ed25519 key pair.
[   11.529466] cloud-init[954]: Your identification has been saved in /etc/ssh/ssh_host_ed25519_key.
[   11.531361] cloud-init[954]: Your public key has been saved in /etc/ssh/ssh_host_ed25519_key.pub.
[   11.533546] cloud-init[954]: The key fingerprint is:
[   11.534635] cloud-init[954]: SHA256:+wHNFXZqYtc9+j+l9aRrdS9hAxs90KCFNfzWYSBZMnM root@ubuntu-xenial
[   11.536077] cloud-init[954]: The key's randomart image is:
[   11.537550] cloud-init[954]: +--[ED25519 256]--+
[   11.538558] cloud-init[954]: |           OXEo  |
[   11.539501] cloud-init         Starting Pollinate to seed the pseudo random number generator...
[954]: |          .=O*.+ |
[[0;32m  OK  [0m] Started Regular background program processing daemon.
         Starting Snap Daemon...
[   11.550618]          Starting Virtualbox guest utils...
cloud-init         Starting System Logging Service...
         Starting LSB: Record successful boot for GRUB...
[954]: |          + =+ooo|
[   11.561777] cloud-init[954]: |         + =o * o|
[   11.563562] cloud-init         Starting LSB: MD monitoring daemon...
[954]: |        S o  * . |
         Starting LXD - container startup/shutdown...
[   11.581856] cloud-init[954]: |         o  . = *|
[   11.586146] cloud-init[954]: |        . .  . X=|
[[0;32m  OK  [0m] Started /etc/rc.local Compatibility.
[   11.597206] cloud-init[954]: |         . .  =.+|
[   11.617006] cloud-init[954]: |          .  ..oo|
[[0;32m  OK  [0m] Started iSCSI initiator daemon (iscsid).
[[0;32m  OK  [0m] Started Login Service.
[[0;32m  OK  [0m] Started Unattended Upgrades Shutdown.
         Starting Login to default iSCSI targets...
[   11.631650]          Starting Authenticate and Authorize Users to Run Privileged Tasks...
cloud-init[954]: +----[SHA256]-----+
[[0;32m  OK  [0m] Started System Logging Service.
[[0;32m  OK  [0m] Started LSB: Record successful boot for GRUB.
[[0;32m  OK  [0m] Started LSB: MD monitoring daemon.
[[0;32m  OK  [0m] Started Login to default iSCSI targets.
[[0;32m  OK  [0m] Reached target Remote File Systems (Pre).
[[0;32m  OK  [0m] Reached target Remote File Systems.
         Starting LSB: automatic crash report generation...
         Starting LSB: Set the CPU Frequency Scaling governor to "ondemand"...
         Starting LSB: daemon to balance interrupts for SMP systems...
         Starting Permit User Sessions...
[[0;32m  OK  [0m] Started Authenticate and Authorize Users to Run Privileged Tasks.
[[0;32m  OK  [0m] Started Permit User Sessions.
         Starting Hold until boot process finishes up...
         Starting Terminate Plymouth Boot Screen...
[[0;32m  OK  [0m] Started Hold until boot process finishes up.
         Starting Set console scheme...
[[0;32m  OK  [0m] Started Serial Getty on ttyS0.
[[0;32m  OK  [0m] Started Getty on tty1.
[[0;32m  OK  [0m] Reached target Login Prompts.
[[0;32m  OK  [0m] Started Terminate Plymouth Boot Screen.
[[0;32m  OK  [0m] Started Set console scheme.
[[0;32m  OK  [0m] Started Accounts Service.
[[0;32m  OK  [0m] Started LSB: Set the CPU Frequency Scaling governor to "ondemand".
[[0;32m  OK  [0m] Started LSB: automatic crash report generation.
[[0;32m  OK  [0m] Started LXD - container startup/shutdown.
[[0;32m  OK  [0m] Started LSB: daemon to balance interrupts for SMP systems.
[[0;32m  OK  [0m] Started Virtualbox guest utils.
[[0;32m  OK  [0m] Started Snap Daemon.
         Starting Wait until snapd is fully seeded...
[[0;32m  OK  [0m] Started Pollinate to seed the pseudo random number generator.
         Starting OpenBSD Secure Shell server...
[[0;32m  OK  [0m] Started OpenBSD Secure Shell server.
[[0;32m  OK  [0m] Created slice User Slice of vagrant.
         Starting User Manager for UID 1000...
[[0;32m  OK  [0m] Started Session 1 of user vagrant.
[[0;32m  OK  [0m] Started User Manager for UID 1000.
[[0;32m  OK  [0m] Started Wait until snapd is fully seeded.
[[0;32m  OK  [0m] Reached target Multi-User System.
[[0;32m  OK  [0m] Reached target Graphical Interface.
         Starting Update UTMP about System Runlevel Changes...
         Starting Apply the settings specified in cloud-config...
[[0;32m  OK  [0m] Started Update UTMP about System Runlevel Changes.
[   16.769482] cloud-init[1394]: Generating locales (this might take a while)...

Ubuntu 16.04.7 LTS ubuntu-xenial ttyS0

ubuntu-xenial login: [   18.323106] cloud-init[1394]:   en_US.UTF-8... done
[   18.325258] cloud-init[1394]: Generation complete.
[   18.899969] cloud-init[1394]: Cloud-init v. 21.1-19-gbad84ad4-0ubuntu1~16.04.2 running 'modules:config' at Fri, 08 Nov 2024 16:36:24 +0000. Up 16.49 seconds.
ci-info: no authorized SSH keys fingerprints found for user ubuntu.
<14>Nov  8 16:36:27 ec2: 
<14>Nov  8 16:36:27 ec2: #############################################################
<14>Nov  8 16:36:27 ec2: -----BEGIN SSH HOST KEY FINGERPRINTS-----
<14>Nov  8 16:36:27 ec2: 1024 SHA256:rn9svx1LxYI/fe4CR9uqnp8iP6NDwOVgVFlLUnRK3wU root@ubuntu-xenial (DSA)
<14>Nov  8 16:36:27 ec2: 256 SHA256:FLO3Gp9t+xW998qPg6lItr7U/pw3x3VWkowldepm5i8 root@ubuntu-xenial (ECDSA)
<14>Nov  8 16:36:27 ec2: 256 SHA256:+wHNFXZqYtc9+j+l9aRrdS9hAxs90KCFNfzWYSBZMnM root@ubuntu-xenial (ED25519)
<14>Nov  8 16:36:27 ec2: 2048 SHA256:WLkRv6bZzerpHp56yd9oTU5g6W7vBeumYtNaWwAsEzk root@ubuntu-xenial (RSA)
<14>Nov  8 16:36:27 ec2: -----END SSH HOST KEY FINGERPRINTS-----
<14>Nov  8 16:36:27 ec2: #############################################################
-----BEGIN SSH HOST KEY KEYS-----
ecdsa-sha2-nistp256 AAAAE2VjZHNhLXNoYTItbmlzdHAyNTYAAAAIbmlzdHAyNTYAAABBBFY0h1iYEhPlllUHIgVC+/fTaX+6nuu/O/sW/sPlcOC/gxxZGotiRw/sAiaXWuY3OCYS6by8ph42Y09vZN1hF2g= root@ubuntu-xenial
ssh-ed25519 AAAAC3NzaC1lZDI1NTE5AAAAIBGNJ0fcRLuydk4O9KO2fqq3Oi+x0PiWdHo5Wl5ov0b/ root@ubuntu-xenial
ssh-rsa AAAAB3NzaC1yc2EAAAADAQABAAABAQCyCOUHV2UPmFYwUur7cAce/4+i3ZEJWGMoguV8aorWC+ONps9SxKLHemIgMYmshvnu664rsOcsId401CDy9XUy61AaW7hKbwnSCPWUY0m/54BfxlqSS8w0lNjrKhz6WwIIVJNxtbECGIcUZ/6RXbBRvlWFMX6vlFCa3eMaDWsOLK9MJkuvQGdoXrsn2GtW3xBGBzJA7BRB4Gpx/pmxjmEzGAy/B8WhDLv0m7dP+BWGDiHphW1F+hEcCP8aib49Nl+eMkdm/QFIC3zSB/DFgmGC4h6ApMKFwVSMaS3CVUZ/pG9LyBwvUFJa+fMA3Rj7pgZeYmhHijI02yF2kpEoz8tl root@ubuntu-xenial
-----END SSH HOST KEY KEYS-----
[   19.880831] cloud-init[1587]: Cloud-init v. 21.1-19-gbad84ad4-0ubuntu1~16.04.2 running 'modules:final' at Fri, 08 Nov 2024 16:36:27 +0000. Up 19.60 seconds.
[   19.881302] cloud-init[1587]: ci-info: no authorized SSH keys fingerprints found for user ubuntu.
[   19.882841] cloud-init[1587]: Cloud-init v. 21.1-19-gbad84ad4-0ubuntu1~16.04.2 finished at Fri, 08 Nov 2024 16:36:28 +0000. Datasource DataSourceNoCloud [seed=/dev/sdb][dsmode=net].  Up 19.86 seconds
